<?xml version="1.0" encoding="UTF-8"?>
<!-- Generated by org.testng.reporters.JUnitReportReporter -->
<testsuite name="basic" tests="1" time="2.253" ignored="0" failures="0" timestamp="14 Jul 2019 13:15:40 GMT" skipped="0" hostname="rahul-Latitude-3480" errors="0">
  <testcase name="tst1" time="2.253" classname="basic"/>
</testsuite> <!-- basic -->
