<?xml version="1.0" encoding="UTF-8"?>
<!-- Generated by org.testng.reporters.JUnitReportReporter -->
<testsuite skipped="0" hostname="rahul-Latitude-3480" name="com.test.api.IssuesDelete" tests="1" failures="0" timestamp="11 Aug 2019 18:02:32 GMT" time="2.341" errors="0">
  <testcase name="issueDelete" time="2.341" classname="com.test.api.IssuesDelete"/>
</testsuite> <!-- com.test.api.IssuesDelete -->
