<?xml version="1.0" encoding="UTF-8"?>
<!-- Generated by org.testng.reporters.JUnitReportReporter -->
<testsuite skipped="0" hostname="rahul-Latitude-3480" name="com.test.api.BasicGet" tests="1" failures="0" timestamp="29 Jul 2019 19:06:12 GMT" time="2.141" errors="0">
  <testcase name="testingGet" time="2.141" classname="com.test.api.BasicGet"/>
</testsuite> <!-- com.test.api.BasicGet -->
