<?xml version="1.0" encoding="UTF-8"?>
<!-- Generated by org.testng.reporters.JUnitReportReporter -->
<testsuite skipped="0" hostname="rahul-Latitude-3480" name="com.test.api.PostUsingDataProvider" tests="2" failures="0" timestamp="4 Aug 2019 09:37:51 GMT" time="4.961" errors="0">
  <testcase name="testingPost" time="1.001" classname="com.test.api.PostUsingDataProvider"/>
  <testcase name="testingPost" time="3.960" classname="com.test.api.PostUsingDataProvider"/>
</testsuite> <!-- com.test.api.PostUsingDataProvider -->
