<?xml version="1.0" encoding="UTF-8"?>
<!-- Generated by org.testng.reporters.JUnitReportReporter -->
<testsuite skipped="0" hostname="rahul-Latitude-3480" name="com.test.api.CombinedTest" tests="3" failures="0" timestamp="29 Jul 2019 17:37:17 GMT" time="4.951" errors="0">
  <testcase name="test_Post" time="0.962" classname="com.test.api.CombinedTest"/>
  <testcase name="Test_Delete" time="3.198" classname="com.test.api.CombinedTest"/>
  <testcase name="test_Get" time="0.791" classname="com.test.api.CombinedTest"/>
</testsuite> <!-- com.test.api.CombinedTest -->
