<?xml version="1.0" encoding="UTF-8"?>
<!-- Generated by org.testng.reporters.JUnitReportReporter -->
<testsuite skipped="0" hostname="rahul-Latitude-3480" name="com.test.api.BasicPost" tests="1" failures="0" timestamp="23 Jul 2019 19:23:25 GMT" time="2.710" errors="0">
  <testcase name="testingPost" time="2.710" classname="com.test.api.BasicPost"/>
</testsuite> <!-- com.test.api.BasicPost -->
