<?xml version="1.0" encoding="UTF-8"?>
<!-- Generated by org.testng.reporters.JUnitReportReporter -->
<testsuite skipped="0" hostname="rahul-Latitude-3480" name="com.test.api.JiraAPI" tests="1" failures="0" timestamp="11 Aug 2019 14:21:47 GMT" time="1.873" errors="0">
  <testcase name="autication" time="1.873" classname="com.test.api.JiraAPI"/>
</testsuite> <!-- com.test.api.JiraAPI -->
