<?xml version="1.0" encoding="UTF-8"?>
<!-- Generated by org.testng.reporters.JUnitReportReporter -->
<testsuite skipped="0" hostname="rahul-Latitude-3480" name="com.test.api.IssuesCreation" tests="1" failures="0" timestamp="11 Aug 2019 14:22:25 GMT" time="2.148" errors="0">
  <testcase name="issuesCreation" time="2.148" classname="com.test.api.IssuesCreation"/>
</testsuite> <!-- com.test.api.IssuesCreation -->
