<?xml version="1.0" encoding="UTF-8"?>
<!-- Generated by org.testng.reporters.JUnitReportReporter -->
<testsuite skipped="0" hostname="rahul-Latitude-3480" name="com.test.api.Basic" tests="1" failures="0" timestamp="14 Jul 2019 13:56:25 GMT" time="1.904" errors="0">
  <testcase name="tst1" time="1.904" classname="com.test.api.Basic"/>
</testsuite> <!-- com.test.api.Basic -->
