<?xml version="1.0" encoding="UTF-8"?>
<!-- Generated by org.testng.reporters.JUnitReportReporter -->
<testsuite skipped="0" hostname="rahul-Latitude-3480" name="com.test.api.BasicPOSTGET" tests="1" failures="0" timestamp="13 Sep 2019 07:09:36 GMT" time="3.655" errors="0">
  <testcase name="postGetRequest" time="3.655" classname="com.test.api.BasicPOSTGET"/>
</testsuite> <!-- com.test.api.BasicPOSTGET -->
