<?xml version="1.0" encoding="UTF-8"?>
<!-- Generated by org.testng.reporters.JUnitReportReporter -->
<testsuite skipped="0" hostname="rahul-Latitude-3480" name="com.test.api.BasicDelete" tests="1" failures="0" timestamp="16 Jul 2019 17:58:05 GMT" time="2.366" errors="0">
  <testcase name="delTest" time="2.366" classname="com.test.api.BasicDelete"/>
</testsuite> <!-- com.test.api.BasicDelete -->
