<?xml version="1.0" encoding="UTF-8"?>
<!-- Generated by org.testng.reporters.JUnitReportReporter -->
<testsuite skipped="0" hostname="rahul-Latitude-3480" name="com.test.api.BasicPOSTGET" tests="1" failures="0" timestamp="28 Jul 2019 17:55:57 GMT" time="2.341" errors="0">
  <testcase name="postGetRequest" time="2.341" classname="com.test.api.BasicPOSTGET"/>
</testsuite> <!-- com.test.api.BasicPOSTGET -->
