<?xml version="1.0" encoding="UTF-8"?>
<!-- Generated by org.testng.reporters.JUnitReportReporter -->
<testsuite skipped="0" hostname="rahul-Latitude-3480" name="com.test.api.CombinedTest" tests="3" failures="0" timestamp="17 Jul 2019 17:13:01 GMT" time="5.021" errors="0">
  <testcase name="Test_Delete" time="3.283" classname="com.test.api.CombinedTest"/>
  <testcase name="test_Get" time="0.796" classname="com.test.api.CombinedTest"/>
  <testcase name="test_Post" time="0.942" classname="com.test.api.CombinedTest"/>
</testsuite> <!-- com.test.api.CombinedTest -->
