<?xml version="1.0" encoding="UTF-8"?>
<!-- Generated by org.testng.reporters.JUnitReportReporter -->
<testsuite skipped="0" hostname="rahul-Latitude-3480" name="com.test.api.AddingComment" tests="1" failures="0" timestamp="11 Aug 2019 14:34:07 GMT" time="2.095" errors="0">
  <testcase name="addComment" time="2.095" classname="com.test.api.AddingComment"/>
</testsuite> <!-- com.test.api.AddingComment -->
