<?xml version="1.0" encoding="UTF-8"?>
<!-- Generated by org.testng.reporters.JUnitReportReporter -->
<testsuite skipped="0" hostname="rahul-Latitude-3480" name="com.test.api.updatingComment" tests="1" failures="0" timestamp="11 Aug 2019 15:23:15 GMT" time="2.204" errors="0">
  <testcase name="updateComment" time="2.204" classname="com.test.api.updatingComment"/>
</testsuite> <!-- com.test.api.updatingComment -->
